<?xml version="1.0" encoding="UTF-8"?>
<testng-results skipped="0" failed="0" ignored="0" total="1" passed="1">
  <reporter-output>
  </reporter-output>
  <suite name="Suite" duration-ms="13381" started-at="2018-02-02T17:45:29Z" finished-at="2018-02-02T17:45:42Z">
    <groups>
    </groups>
    <test name="Test" duration-ms="13381" started-at="2018-02-02T17:45:29Z" finished-at="2018-02-02T17:45:42Z">
      <class name="Login.Login">
        <test-method status="PASS" signature="setUp()[pri:0, instance:Login.Login@18355a8]" name="setUp" is-config="true" duration-ms="9073" started-at="2018-02-02T23:15:29Z" finished-at="2018-02-02T23:15:38Z">
          <reporter-output>
          </reporter-output>
        </test-method> <!-- setUp -->
        <test-method status="PASS" signature="testLogin()[pri:0, instance:Login.Login@18355a8]" name="testLogin" duration-ms="3962" started-at="2018-02-02T23:15:38Z" finished-at="2018-02-02T23:15:42Z">
          <reporter-output>
          </reporter-output>
        </test-method> <!-- testLogin -->
        <test-method status="PASS" signature="tearDown()[pri:0, instance:Login.Login@18355a8]" name="tearDown" is-config="true" duration-ms="287" started-at="2018-02-02T23:15:42Z" finished-at="2018-02-02T23:15:42Z">
          <reporter-output>
          </reporter-output>
        </test-method> <!-- tearDown -->
      </class> <!-- Login.Login -->
    </test> <!-- Test -->
  </suite> <!-- Suite -->
</testng-results>
